<?xml version="1.0" encoding="UTF-8"?>
<testsuite xmlns:xsi="http://www.w3.org/2001/XMLSchema-instance" xsi:noNamespaceSchemaLocation="https://maven.apache.org/surefire/maven-surefire-plugin/xsd/surefire-test-report.xsd" name="testRunner.TestRunner" time="85.875" tests="7" errors="2" skipped="0" failures="0">
  <properties>
[...]
</properties>
  <testcase name="User is able to access API and verify country, state and postcode from the response" classname="Sogeti API tests assignment automation" time="2.782"/>
  <testcase name="Verify place name for postal code and for following countries #1" classname="Sogeti API tests assignment automation" time="1.106"/>
  <testcase name="Verify place name for postal code and for following countries #2" classname="Sogeti API tests assignment automation" time="0.287"/>
  <testcase name="Verify place name for postal code and for following countries #3" classname="Sogeti API tests assignment automation" time="0.265"/>
  <testcase name="TestCase1 - verify Services and Automation link" classname="Verify Sogeti UI Application" time="19.224"/>
  <testcase name="TestCase2 - submit contact us form and verify successful message" classname="Verify Sogeti UI Application" time="20.52">
    <error message="element click intercepted: Element &lt;div class=&quot;recaptcha-checkbox-checkmark&quot; role=&quot;presentation&quot;&gt;&lt;/div&gt; is not clickable at point (27, 38). Other element would receive the click: &lt;div class=&quot;recaptcha-checkbox-border&quot; role=&quot;presentation&quot;&gt;&lt;/div&gt;&#10;  (Session info: chrome=123.0.6312.124)&#10;Build info: version: &apos;4.19.1&apos;, revision: &apos;abe0ee07dc&apos;&#10;System info: os.name: &apos;Mac OS X&apos;, os.arch: &apos;x86_64&apos;, os.version: &apos;12.5.1&apos;, java.version: &apos;17.0.10&apos;&#10;Driver info: org.openqa.selenium.chrome.ChromeDriver&#10;Command: [97acf61efc8ffcee911db646264e576a, clickElement {id=f.A2CF327AFAC289D01F98298CE64E44B8.d.B2AC56A38CF283CAC2DAEE0D93D02801.e.4}]&#10;Capabilities {acceptInsecureCerts: false, browserName: chrome, browserVersion: 123.0.6312.124, chrome: {chromedriverVersion: 123.0.6312.122 (31f8248cdd9..., userDataDir: /var/folders/9x/wjf2m7wn49x...}, fedcm:accounts: true, goog:chromeOptions: {debuggerAddress: localhost:51627}, networkConnectionEnabled: false, pageLoadStrategy: normal, platformName: mac, proxy: Proxy(), se:cdp: ws://localhost:51627/devtoo..., se:cdpVersion: 123.0.6312.124, setWindowRect: true, strictFileInteractability: false, timeouts: {implicit: 0, pageLoad: 300000, script: 30000}, unhandledPromptBehavior: dismiss and notify, webauthn:extension:credBlob: true, webauthn:extension:largeBlob: true, webauthn:extension:minPinLength: true, webauthn:extension:prf: true, webauthn:virtualAuthenticators: true}&#10;Element: [[ChromeDriver: chrome on mac (97acf61efc8ffcee911db646264e576a)] -&gt; css selector: div.recaptcha-checkbox-checkmark]&#10;Session ID: 97acf61efc8ffcee911db646264e576a" type="org.openqa.selenium.ElementClickInterceptedException"><![CDATA[org.openqa.selenium.ElementClickInterceptedException: 
element click intercepted: Element <div class="recaptcha-checkbox-checkmark" role="presentation"></div> is not clickable at point (27, 38). Other element would receive the click: <div class="recaptcha-checkbox-border" role="presentation"></div>
  (Session info: chrome=123.0.6312.124)
Build info: version: '4.19.1', revision: 'abe0ee07dc'
System info: os.name: 'Mac OS X', os.arch: 'x86_64', os.version: '12.5.1', java.version: '17.0.10'
Driver info: org.openqa.selenium.chrome.ChromeDriver
Command: [97acf61efc8ffcee911db646264e576a, clickElement {id=f.A2CF327AFAC289D01F98298CE64E44B8.d.B2AC56A38CF283CAC2DAEE0D93D02801.e.4}]
Capabilities {acceptInsecureCerts: false, browserName: chrome, browserVersion: 123.0.6312.124, chrome: {chromedriverVersion: 123.0.6312.122 (31f8248cdd9..., userDataDir: /var/folders/9x/wjf2m7wn49x...}, fedcm:accounts: true, goog:chromeOptions: {debuggerAddress: localhost:51627}, networkConnectionEnabled: false, pageLoadStrategy: normal, platformName: mac, proxy: Proxy(), se:cdp: ws://localhost:51627/devtoo..., se:cdpVersion: 123.0.6312.124, setWindowRect: true, strictFileInteractability: false, timeouts: {implicit: 0, pageLoad: 300000, script: 30000}, unhandledPromptBehavior: dismiss and notify, webauthn:extension:credBlob: true, webauthn:extension:largeBlob: true, webauthn:extension:minPinLength: true, webauthn:extension:prf: true, webauthn:virtualAuthenticators: true}
Element: [[ChromeDriver: chrome on mac (97acf61efc8ffcee911db646264e576a)] -> css selector: div.recaptcha-checkbox-checkmark]
Session ID: 97acf61efc8ffcee911db646264e576a
]]></error>
    <system-out><![CDATA[
@uiautomation @scenario2ui
Scenario: TestCase2 - submit contact us form and verify successful message               # src/test/java/features/UIAutomation.feature:14
2024-04-17  00:20:02-main[ mainid]  INFO  Driver:16 - Utils.Driver--------------Initialise Driver--------------
	2024-04-17  00:20:02-main[ mainid]  INFO  DriverFactory:16 - class java.lang.Class--------------Initialise Driver----------------
	2024-04-17  00:20:13-main[ mainid]  INFO  Homepage:59 - Sogeti logo is displayed, URL is navigating correctly.
	  Given User is on Sogeti Homepage                                                       # stefDefs.UIAutomation.user_is_on_sogeti_homepage()
  When User clicks Automation Link                                                       # stefDefs.UIAutomation.user_clicks_automation_link()
  And User submit contact us form with country "Argentina"                               # stefDefs.UIAutomation.user_submit_contact_us_form_with_country(java.lang.String)
      org.openqa.selenium.ElementClickInterceptedException: element click intercepted: Element <div class="recaptcha-checkbox-checkmark" role="presentation"></div> is not clickable at point (27, 38). Other element would receive the click: <div class="recaptcha-checkbox-border" role="presentation"></div>
  (Session info: chrome=123.0.6312.124)
Build info: version: '4.19.1', revision: 'abe0ee07dc'
System info: os.name: 'Mac OS X', os.arch: 'x86_64', os.version: '12.5.1', java.version: '17.0.10'
Driver info: org.openqa.selenium.chrome.ChromeDriver
Command: [97acf61efc8ffcee911db646264e576a, clickElement {id=f.A2CF327AFAC289D01F98298CE64E44B8.d.B2AC56A38CF283CAC2DAEE0D93D02801.e.4}]
Capabilities {acceptInsecureCerts: false, browserName: chrome, browserVersion: 123.0.6312.124, chrome: {chromedriverVersion: 123.0.6312.122 (31f8248cdd9..., userDataDir: /var/folders/9x/wjf2m7wn49x...}, fedcm:accounts: true, goog:chromeOptions: {debuggerAddress: localhost:51627}, networkConnectionEnabled: false, pageLoadStrategy: normal, platformName: mac, proxy: Proxy(), se:cdp: ws://localhost:51627/devtoo..., se:cdpVersion: 123.0.6312.124, setWindowRect: true, strictFileInteractability: false, timeouts: {implicit: 0, pageLoad: 300000, script: 30000}, unhandledPromptBehavior: dismiss and notify, webauthn:extension:credBlob: true, webauthn:extension:largeBlob: true, webauthn:extension:minPinLength: true, webauthn:extension:prf: true, webauthn:virtualAuthenticators: true}
Element: [[ChromeDriver: chrome on mac (97acf61efc8ffcee911db646264e576a)] -> css selector: div.recaptcha-checkbox-checkmark]
Session ID: 97acf61efc8ffcee911db646264e576a
	at java.base/jdk.internal.reflect.NativeConstructorAccessorImpl.newInstance0(Native Method)
	at java.base/jdk.internal.reflect.NativeConstructorAccessorImpl.newInstance(NativeConstructorAccessorImpl.java:77)
	at java.base/jdk.internal.reflect.DelegatingConstructorAccessorImpl.newInstance(DelegatingConstructorAccessorImpl.java:45)
	at java.base/java.lang.reflect.Constructor.newInstanceWithCaller(Constructor.java:499)
	at java.base/java.lang.reflect.Constructor.newInstance(Constructor.java:480)
	at org.openqa.selenium.remote.ErrorCodec.decode(ErrorCodec.java:167)
	at org.openqa.selenium.remote.codec.w3c.W3CHttpResponseCodec.decode(W3CHttpResponseCodec.java:138)
	at org.openqa.selenium.remote.codec.w3c.W3CHttpResponseCodec.decode(W3CHttpResponseCodec.java:50)
	at org.openqa.selenium.remote.HttpCommandExecutor.execute(HttpCommandExecutor.java:190)
	at org.openqa.selenium.remote.service.DriverCommandExecutor.invokeExecute(DriverCommandExecutor.java:216)
	at org.openqa.selenium.remote.service.DriverCommandExecutor.execute(DriverCommandExecutor.java:174)
	at org.openqa.selenium.remote.RemoteWebDriver.execute(RemoteWebDriver.java:518)
	at org.openqa.selenium.remote.RemoteWebElement.execute(RemoteWebElement.java:223)
	at org.openqa.selenium.remote.RemoteWebElement.click(RemoteWebElement.java:76)
	at Pages.Automation.fillcontactform(Automation.java:122)
	at stefDefs.UIAutomation.user_submit_contact_us_form_with_country(UIAutomation.java:31)
	at ✽.User submit contact us form with country "Argentina"(file:///Users/saritayadav/eclipse-workspace/SogetiAssignment/src/test/java/features/UIAutomation.feature:16)

  Then User should be able to verify thank you message as "Thank you for contacting us."

    Embedding TestCase2 - submit contact us form and verify successful message [image/png 100700 bytes]

2024-04-17  00:20:22-main[ mainid]  INFO  Driver:33 - Utils.Driver------------Close Driver--------------
	2024-04-17  00:20:22-main[ mainid]  INFO  DriverFactory:35 - ---------------Driver Closed--------------
	]]></system-out>
  </testcase>
  <testcase name="TestCase3 - Verify all country links under Worldwide are working" classname="Verify Sogeti UI Application" time="35.252">
    <error message="no such execution context&#10;  (Session info: chrome=123.0.6312.124)&#10;Build info: version: &apos;4.19.1&apos;, revision: &apos;abe0ee07dc&apos;&#10;System info: os.name: &apos;Mac OS X&apos;, os.arch: &apos;x86_64&apos;, os.version: &apos;12.5.1&apos;, java.version: &apos;17.0.10&apos;&#10;Driver info: org.openqa.selenium.chrome.ChromeDriver&#10;Command: [9c189704c1f507e790ff57cf8dda70f6, getCurrentUrl {}]&#10;Capabilities {acceptInsecureCerts: false, browserName: chrome, browserVersion: 123.0.6312.124, chrome: {chromedriverVersion: 123.0.6312.122 (31f8248cdd9..., userDataDir: /var/folders/9x/wjf2m7wn49x...}, fedcm:accounts: true, goog:chromeOptions: {debuggerAddress: localhost:51754}, networkConnectionEnabled: false, pageLoadStrategy: normal, platformName: mac, proxy: Proxy(), se:cdp: ws://localhost:51754/devtoo..., se:cdpVersion: 123.0.6312.124, setWindowRect: true, strictFileInteractability: false, timeouts: {implicit: 0, pageLoad: 300000, script: 30000}, unhandledPromptBehavior: dismiss and notify, webauthn:extension:credBlob: true, webauthn:extension:largeBlob: true, webauthn:extension:minPinLength: true, webauthn:extension:prf: true, webauthn:virtualAuthenticators: true}&#10;Session ID: 9c189704c1f507e790ff57cf8dda70f6" type="org.openqa.selenium.WebDriverException">org.openqa.selenium.WebDriverException: 
no such execution context
  (Session info: chrome=123.0.6312.124)
Build info: version: '4.19.1', revision: 'abe0ee07dc'
System info: os.name: 'Mac OS X', os.arch: 'x86_64', os.version: '12.5.1', java.version: '17.0.10'
Driver info: org.openqa.selenium.chrome.ChromeDriver
Command: [9c189704c1f507e790ff57cf8dda70f6, getCurrentUrl {}]
Capabilities {acceptInsecureCerts: false, browserName: chrome, browserVersion: 123.0.6312.124, chrome: {chromedriverVersion: 123.0.6312.122 (31f8248cdd9..., userDataDir: /var/folders/9x/wjf2m7wn49x...}, fedcm:accounts: true, goog:chromeOptions: {debuggerAddress: localhost:51754}, networkConnectionEnabled: false, pageLoadStrategy: normal, platformName: mac, proxy: Proxy(), se:cdp: ws://localhost:51754/devtoo..., se:cdpVersion: 123.0.6312.124, setWindowRect: true, strictFileInteractability: false, timeouts: {implicit: 0, pageLoad: 300000, script: 30000}, unhandledPromptBehavior: dismiss and notify, webauthn:extension:credBlob: true, webauthn:extension:largeBlob: true, webauthn:extension:minPinLength: true, webauthn:extension:prf: true, webauthn:virtualAuthenticators: true}
Session ID: 9c189704c1f507e790ff57cf8dda70f6
</error>
    <system-out><![CDATA[
@uiautomation @scenario3ui
Scenario: TestCase3 - Verify all country links under Worldwide are working # src/test/java/features/UIAutomation.feature:20
2024-04-17  00:20:22-main[ mainid]  INFO  Driver:16 - Utils.Driver--------------Initialise Driver--------------
	2024-04-17  00:20:22-main[ mainid]  INFO  DriverFactory:16 - class java.lang.Class--------------Initialise Driver----------------
	2024-04-17  00:20:32-main[ mainid]  INFO  Homepage:59 - Sogeti logo is displayed, URL is navigating correctly.
	  Given User is on Sogeti Homepage                                         # stefDefs.UIAutomation.user_is_on_sogeti_homepage()
  When user clicks Worldwide Link                                          # stefDefs.UIAutomation.user_clicks_worldwide_link()
2024-04-17  00:20:35-main[ mainid]  INFO  Homepage:108 - No. of countries in list are:12
	2024-04-17  00:20:35-main[ mainid]  INFO  Homepage:110 - -------Verifying link for Country  BELGIUM-------
	2024-04-17  00:20:40-main[ mainid]  INFO  Homepage:114 - -------Verification for Country  BELGIUM link is successful-------
	2024-04-17  00:20:40-main[ mainid]  INFO  Homepage:110 - -------Verifying link for Country  FINLAND-------
	2024-04-17  00:20:45-main[ mainid]  INFO  Homepage:114 - -------Verification for Country  FINLAND link is successful-------
	2024-04-17  00:20:45-main[ mainid]  INFO  Homepage:110 - -------Verifying link for Country  FRANCE-------
	2024-04-17  00:20:52-main[ mainid]  INFO  Homepage:114 - -------Verification for Country  FRANCE link is successful-------
	2024-04-17  00:20:52-main[ mainid]  INFO  Homepage:110 - -------Verifying link for Country  GERMANY-------
	  And select the country                                                   # stefDefs.UIAutomation.select_the_country()
      org.openqa.selenium.WebDriverException: no such execution context
  (Session info: chrome=123.0.6312.124)
Build info: version: '4.19.1', revision: 'abe0ee07dc'
System info: os.name: 'Mac OS X', os.arch: 'x86_64', os.version: '12.5.1', java.version: '17.0.10'
Driver info: org.openqa.selenium.chrome.ChromeDriver
Command: [9c189704c1f507e790ff57cf8dda70f6, getCurrentUrl {}]
Capabilities {acceptInsecureCerts: false, browserName: chrome, browserVersion: 123.0.6312.124, chrome: {chromedriverVersion: 123.0.6312.122 (31f8248cdd9..., userDataDir: /var/folders/9x/wjf2m7wn49x...}, fedcm:accounts: true, goog:chromeOptions: {debuggerAddress: localhost:51754}, networkConnectionEnabled: false, pageLoadStrategy: normal, platformName: mac, proxy: Proxy(), se:cdp: ws://localhost:51754/devtoo..., se:cdpVersion: 123.0.6312.124, setWindowRect: true, strictFileInteractability: false, timeouts: {implicit: 0, pageLoad: 300000, script: 30000}, unhandledPromptBehavior: dismiss and notify, webauthn:extension:credBlob: true, webauthn:extension:largeBlob: true, webauthn:extension:minPinLength: true, webauthn:extension:prf: true, webauthn:virtualAuthenticators: true}
Session ID: 9c189704c1f507e790ff57cf8dda70f6
	at java.base/jdk.internal.reflect.NativeConstructorAccessorImpl.newInstance0(Native Method)
	at java.base/jdk.internal.reflect.NativeConstructorAccessorImpl.newInstance(NativeConstructorAccessorImpl.java:77)
	at java.base/jdk.internal.reflect.DelegatingConstructorAccessorImpl.newInstance(DelegatingConstructorAccessorImpl.java:45)
	at java.base/java.lang.reflect.Constructor.newInstanceWithCaller(Constructor.java:499)
	at java.base/java.lang.reflect.Constructor.newInstance(Constructor.java:480)
	at org.openqa.selenium.remote.ErrorCodec.decode(ErrorCodec.java:167)
	at org.openqa.selenium.remote.codec.w3c.W3CHttpResponseCodec.decode(W3CHttpResponseCodec.java:138)
	at org.openqa.selenium.remote.codec.w3c.W3CHttpResponseCodec.decode(W3CHttpResponseCodec.java:50)
	at org.openqa.selenium.remote.HttpCommandExecutor.execute(HttpCommandExecutor.java:190)
	at org.openqa.selenium.remote.service.DriverCommandExecutor.invokeExecute(DriverCommandExecutor.java:216)
	at org.openqa.selenium.remote.service.DriverCommandExecutor.execute(DriverCommandExecutor.java:174)
	at org.openqa.selenium.remote.RemoteWebDriver.execute(RemoteWebDriver.java:518)
	at org.openqa.selenium.remote.RemoteWebDriver.execute(RemoteWebDriver.java:591)
	at org.openqa.selenium.remote.RemoteWebDriver.execute(RemoteWebDriver.java:595)
	at org.openqa.selenium.remote.RemoteWebDriver.getCurrentUrl(RemoteWebDriver.java:312)
	at Pages.Homepage.verifyCountryLinksOnDiffPage(Homepage.java:88)
	at Pages.Homepage.verifyCountryLinks(Homepage.java:113)
	at stefDefs.UIAutomation.select_the_country(UIAutomation.java:58)
	at ✽.select the country(file:///Users/saritayadav/eclipse-workspace/SogetiAssignment/src/test/java/features/UIAutomation.feature:22)

  Then User should be navigated to specific country link                   # stefDefs.UIAutomation.user_should_be_navigated_to_specific_country_link()

    Embedding TestCase3 - Verify all country links under Worldwide are working [image/png 473130 bytes]

2024-04-17  00:20:57-main[ mainid]  INFO  Driver:33 - Utils.Driver------------Close Driver--------------
	2024-04-17  00:20:58-main[ mainid]  INFO  DriverFactory:35 - ---------------Driver Closed--------------
	]]></system-out>
  </testcase>
</testsuite>